{"total": {"lines":{"total":813,"covered":192,"skipped":0,"pct":23.61},"statements":{"total":838,"covered":193,"skipped":0,"pct":23.03},"functions":{"total":213,"covered":15,"skipped":0,"pct":7.04},"branches":{"total":314,"covered":13,"skipped":0,"pct":4.14},"branchesTrue":{"total":0,"covered":0,"skipped":0,"pct":100}}
,"/Users/blakelenhard/Desktop/hackReactor/FEC/Front-End-Capstone-FEC/client/src/styleComponents.jsx": {"lines":{"total":8,"covered":8,"skipped":0,"pct":100},"functions":{"total":0,"covered":0,"skipped":0,"pct":100},"statements":{"total":8,"covered":8,"skipped":0,"pct":100},"branches":{"total":0,"covered":0,"skipped":0,"pct":100}}
,"/Users/blakelenhard/Desktop/hackReactor/FEC/Front-End-Capstone-FEC/client/src/components/App.jsx": {"lines":{"total":45,"covered":19,"skipped":0,"pct":42.22},"functions":{"total":8,"covered":2,"skipped":0,"pct":25},"statements":{"total":45,"covered":19,"skipped":0,"pct":42.22},"branches":{"total":13,"covered":1,"skipped":0,"pct":7.69}}
,"/Users/blakelenhard/Desktop/hackReactor/FEC/Front-End-Capstone-FEC/client/src/components/ProductOverview/ProductOverview.jsx": {"lines":{"total":53,"covered":25,"skipped":0,"pct":47.16},"functions":{"total":19,"covered":4,"skipped":0,"pct":21.05},"statements":{"total":58,"covered":25,"skipped":0,"pct":43.1},"branches":{"total":8,"covered":2,"skipped":0,"pct":25}}
,"/Users/blakelenhard/Desktop/hackReactor/FEC/Front-End-Capstone-FEC/client/src/components/ProductOverview/SocialMedia.jsx": {"lines":{"total":3,"covered":3,"skipped":0,"pct":100},"functions":{"total":1,"covered":1,"skipped":0,"pct":100},"statements":{"total":3,"covered":3,"skipped":0,"pct":100},"branches":{"total":0,"covered":0,"skipped":0,"pct":100}}
,"/Users/blakelenhard/Desktop/hackReactor/FEC/Front-End-Capstone-FEC/client/src/components/ProductOverview/AddToCart/AddToCart.jsx": {"lines":{"total":63,"covered":3,"skipped":0,"pct":4.76},"functions":{"total":12,"covered":0,"skipped":0,"pct":0},"statements":{"total":66,"covered":3,"skipped":0,"pct":4.54},"branches":{"total":22,"covered":0,"skipped":0,"pct":0}}
,"/Users/blakelenhard/Desktop/hackReactor/FEC/Front-End-Capstone-FEC/client/src/components/ProductOverview/AddToCart/DropDown.jsx": {"lines":{"total":4,"covered":2,"skipped":0,"pct":50},"functions":{"total":2,"covered":0,"skipped":0,"pct":0},"statements":{"total":4,"covered":2,"skipped":0,"pct":50},"branches":{"total":0,"covered":0,"skipped":0,"pct":100}}
,"/Users/blakelenhard/Desktop/hackReactor/FEC/Front-End-Capstone-FEC/client/src/components/ProductOverview/ImageGallery/ImageGallery.jsx": {"lines":{"total":14,"covered":7,"skipped":0,"pct":50},"functions":{"total":3,"covered":1,"skipped":0,"pct":33.33},"statements":{"total":14,"covered":7,"skipped":0,"pct":50},"branches":{"total":10,"covered":2,"skipped":0,"pct":20}}
,"/Users/blakelenhard/Desktop/hackReactor/FEC/Front-End-Capstone-FEC/client/src/components/ProductOverview/ImageGallery/ImageMagnifier.jsx": {"lines":{"total":16,"covered":1,"skipped":0,"pct":6.25},"functions":{"total":5,"covered":0,"skipped":0,"pct":0},"statements":{"total":16,"covered":1,"skipped":0,"pct":6.25},"branches":{"total":5,"covered":0,"skipped":0,"pct":0}}
,"/Users/blakelenhard/Desktop/hackReactor/FEC/Front-End-Capstone-FEC/client/src/components/ProductOverview/ImageGallery/Modal.jsx": {"lines":{"total":24,"covered":4,"skipped":0,"pct":16.66},"functions":{"total":5,"covered":0,"skipped":0,"pct":0},"statements":{"total":24,"covered":4,"skipped":0,"pct":16.66},"branches":{"total":2,"covered":0,"skipped":0,"pct":0}}
,"/Users/blakelenhard/Desktop/hackReactor/FEC/Front-End-Capstone-FEC/client/src/components/ProductOverview/ImageGallery/Thumbnail.jsx": {"lines":{"total":21,"covered":5,"skipped":0,"pct":23.8},"functions":{"total":6,"covered":0,"skipped":0,"pct":0},"statements":{"total":21,"covered":5,"skipped":0,"pct":23.8},"branches":{"total":10,"covered":0,"skipped":0,"pct":0}}
,"/Users/blakelenhard/Desktop/hackReactor/FEC/Front-End-Capstone-FEC/client/src/components/ProductOverview/ProductInfo/ProductInfo.jsx": {"lines":{"total":29,"covered":22,"skipped":0,"pct":75.86},"functions":{"total":4,"covered":3,"skipped":0,"pct":75},"statements":{"total":29,"covered":22,"skipped":0,"pct":75.86},"branches":{"total":10,"covered":5,"skipped":0,"pct":50}}
,"/Users/blakelenhard/Desktop/hackReactor/FEC/Front-End-Capstone-FEC/client/src/components/ProductOverview/StyleSelector/Style.jsx": {"lines":{"total":16,"covered":8,"skipped":0,"pct":50},"functions":{"total":4,"covered":1,"skipped":0,"pct":25},"statements":{"total":16,"covered":8,"skipped":0,"pct":50},"branches":{"total":12,"covered":1,"skipped":0,"pct":8.33}}
,"/Users/blakelenhard/Desktop/hackReactor/FEC/Front-End-Capstone-FEC/client/src/components/ProductOverview/StyleSelector/StyleSelector.jsx": {"lines":{"total":9,"covered":4,"skipped":0,"pct":44.44},"functions":{"total":1,"covered":1,"skipped":0,"pct":100},"statements":{"total":10,"covered":5,"skipped":0,"pct":50},"branches":{"total":0,"covered":0,"skipped":0,"pct":100}}
,"/Users/blakelenhard/Desktop/hackReactor/FEC/Front-End-Capstone-FEC/client/src/components/QandA/Answer.jsx": {"lines":{"total":26,"covered":1,"skipped":0,"pct":3.84},"functions":{"total":11,"covered":0,"skipped":0,"pct":0},"statements":{"total":27,"covered":1,"skipped":0,"pct":3.7},"branches":{"total":12,"covered":0,"skipped":0,"pct":0}}
,"/Users/blakelenhard/Desktop/hackReactor/FEC/Front-End-Capstone-FEC/client/src/components/QandA/AnswerForm.jsx": {"lines":{"total":27,"covered":4,"skipped":0,"pct":14.81},"functions":{"total":7,"covered":0,"skipped":0,"pct":0},"statements":{"total":28,"covered":4,"skipped":0,"pct":14.28},"branches":{"total":6,"covered":0,"skipped":0,"pct":0}}
,"/Users/blakelenhard/Desktop/hackReactor/FEC/Front-End-Capstone-FEC/client/src/components/QandA/AnswerList.jsx": {"lines":{"total":19,"covered":1,"skipped":0,"pct":5.26},"functions":{"total":7,"covered":0,"skipped":0,"pct":0},"statements":{"total":22,"covered":1,"skipped":0,"pct":4.54},"branches":{"total":8,"covered":0,"skipped":0,"pct":0}}
,"/Users/blakelenhard/Desktop/hackReactor/FEC/Front-End-Capstone-FEC/client/src/components/QandA/Question.jsx": {"lines":{"total":16,"covered":2,"skipped":0,"pct":12.5},"functions":{"total":6,"covered":0,"skipped":0,"pct":0},"statements":{"total":17,"covered":2,"skipped":0,"pct":11.76},"branches":{"total":6,"covered":0,"skipped":0,"pct":0}}
,"/Users/blakelenhard/Desktop/hackReactor/FEC/Front-End-Capstone-FEC/client/src/components/QandA/QuestionForm.jsx": {"lines":{"total":31,"covered":4,"skipped":0,"pct":12.9},"functions":{"total":10,"covered":0,"skipped":0,"pct":0},"statements":{"total":31,"covered":4,"skipped":0,"pct":12.9},"branches":{"total":6,"covered":0,"skipped":0,"pct":0}}
,"/Users/blakelenhard/Desktop/hackReactor/FEC/Front-End-Capstone-FEC/client/src/components/QandA/QuestionList.jsx": {"lines":{"total":61,"covered":2,"skipped":0,"pct":3.27},"functions":{"total":18,"covered":0,"skipped":0,"pct":0},"statements":{"total":64,"covered":2,"skipped":0,"pct":3.12},"branches":{"total":17,"covered":0,"skipped":0,"pct":0}}
,"/Users/blakelenhard/Desktop/hackReactor/FEC/Front-End-Capstone-FEC/client/src/components/QandA/SearchQandA.jsx": {"lines":{"total":2,"covered":1,"skipped":0,"pct":50},"functions":{"total":1,"covered":0,"skipped":0,"pct":0},"statements":{"total":2,"covered":1,"skipped":0,"pct":50},"branches":{"total":0,"covered":0,"skipped":0,"pct":100}}
,"/Users/blakelenhard/Desktop/hackReactor/FEC/Front-End-Capstone-FEC/client/src/components/QandA/qAndA.js": {"lines":{"total":1,"covered":1,"skipped":0,"pct":100},"functions":{"total":0,"covered":0,"skipped":0,"pct":100},"statements":{"total":1,"covered":1,"skipped":0,"pct":100},"branches":{"total":0,"covered":0,"skipped":0,"pct":100}}
,"/Users/blakelenhard/Desktop/hackReactor/FEC/Front-End-Capstone-FEC/client/src/components/Ratings_Reviews/Stars.jsx": {"lines":{"total":9,"covered":9,"skipped":0,"pct":100},"functions":{"total":2,"covered":2,"skipped":0,"pct":100},"statements":{"total":9,"covered":9,"skipped":0,"pct":100},"branches":{"total":6,"covered":2,"skipped":0,"pct":33.33}}
,"/Users/blakelenhard/Desktop/hackReactor/FEC/Front-End-Capstone-FEC/client/src/components/Ratings_Reviews/index.jsx": {"lines":{"total":59,"covered":2,"skipped":0,"pct":3.38},"functions":{"total":19,"covered":0,"skipped":0,"pct":0},"statements":{"total":59,"covered":2,"skipped":0,"pct":3.38},"branches":{"total":22,"covered":0,"skipped":0,"pct":0}}
,"/Users/blakelenhard/Desktop/hackReactor/FEC/Front-End-Capstone-FEC/client/src/components/Ratings_Reviews/Ratings/Characteristics.jsx": {"lines":{"total":17,"covered":9,"skipped":0,"pct":52.94},"functions":{"total":1,"covered":0,"skipped":0,"pct":0},"statements":{"total":17,"covered":9,"skipped":0,"pct":52.94},"branches":{"total":42,"covered":0,"skipped":0,"pct":0}}
,"/Users/blakelenhard/Desktop/hackReactor/FEC/Front-End-Capstone-FEC/client/src/components/Ratings_Reviews/Ratings/RatingsOverview.jsx": {"lines":{"total":5,"covered":4,"skipped":0,"pct":80},"functions":{"total":1,"covered":0,"skipped":0,"pct":0},"statements":{"total":5,"covered":4,"skipped":0,"pct":80},"branches":{"total":2,"covered":0,"skipped":0,"pct":0}}
,"/Users/blakelenhard/Desktop/hackReactor/FEC/Front-End-Capstone-FEC/client/src/components/Ratings_Reviews/Ratings/StarSort.jsx": {"lines":{"total":21,"covered":7,"skipped":0,"pct":33.33},"functions":{"total":4,"covered":0,"skipped":0,"pct":0},"statements":{"total":21,"covered":7,"skipped":0,"pct":33.33},"branches":{"total":10,"covered":0,"skipped":0,"pct":0}}
,"/Users/blakelenhard/Desktop/hackReactor/FEC/Front-End-Capstone-FEC/client/src/components/Ratings_Reviews/Reviews/ReviewCard.jsx": {"lines":{"total":40,"covered":7,"skipped":0,"pct":17.5},"functions":{"total":15,"covered":0,"skipped":0,"pct":0},"statements":{"total":40,"covered":7,"skipped":0,"pct":17.5},"branches":{"total":17,"covered":0,"skipped":0,"pct":0}}
,"/Users/blakelenhard/Desktop/hackReactor/FEC/Front-End-Capstone-FEC/client/src/components/Ratings_Reviews/Reviews/ReviewList.jsx": {"lines":{"total":51,"covered":8,"skipped":0,"pct":15.68},"functions":{"total":13,"covered":0,"skipped":0,"pct":0},"statements":{"total":51,"covered":8,"skipped":0,"pct":15.68},"branches":{"total":18,"covered":0,"skipped":0,"pct":0}}
,"/Users/blakelenhard/Desktop/hackReactor/FEC/Front-End-Capstone-FEC/client/src/components/Ratings_Reviews/Reviews/Modal/Ratings.jsx": {"lines":{"total":15,"covered":4,"skipped":0,"pct":26.66},"functions":{"total":6,"covered":0,"skipped":0,"pct":0},"statements":{"total":16,"covered":4,"skipped":0,"pct":25},"branches":{"total":6,"covered":0,"skipped":0,"pct":0}}
,"/Users/blakelenhard/Desktop/hackReactor/FEC/Front-End-Capstone-FEC/client/src/components/Ratings_Reviews/Reviews/Modal/ReviewModal.jsx": {"lines":{"total":54,"covered":8,"skipped":0,"pct":14.81},"functions":{"total":10,"covered":0,"skipped":0,"pct":0},"statements":{"total":55,"covered":8,"skipped":0,"pct":14.54},"branches":{"total":13,"covered":0,"skipped":0,"pct":0}}
,"/Users/blakelenhard/Desktop/hackReactor/FEC/Front-End-Capstone-FEC/client/src/components/Ratings_Reviews/Reviews/Modal/Sizes.jsx": {"lines":{"total":37,"covered":3,"skipped":0,"pct":8.1},"functions":{"total":8,"covered":0,"skipped":0,"pct":0},"statements":{"total":42,"covered":3,"skipped":0,"pct":7.14},"branches":{"total":24,"covered":0,"skipped":0,"pct":0}}
,"/Users/blakelenhard/Desktop/hackReactor/FEC/Front-End-Capstone-FEC/client/src/components/Ratings_Reviews/Reviews/Modal/Upload.jsx": {"lines":{"total":16,"covered":3,"skipped":0,"pct":18.75},"functions":{"total":4,"covered":0,"skipped":0,"pct":0},"statements":{"total":16,"covered":3,"skipped":0,"pct":18.75},"branches":{"total":7,"covered":0,"skipped":0,"pct":0}}
,"/Users/blakelenhard/Desktop/hackReactor/FEC/Front-End-Capstone-FEC/env/config.js": {"lines":{"total":1,"covered":1,"skipped":0,"pct":100},"functions":{"total":0,"covered":0,"skipped":0,"pct":100},"statements":{"total":1,"covered":1,"skipped":0,"pct":100},"branches":{"total":0,"covered":0,"skipped":0,"pct":100}}
}
